Determining if the pthread_create exist failed with the following output:
Change Dir: /home/lcr/catkin_ws/build/CMakeFiles/CMakeTmp

Run Build Command:"/usr/bin/make" "cmTC_fed6f/fast"
/usr/bin/make -f CMakeFiles/cmTC_fed6f.dir/build.make CMakeFiles/cmTC_fed6f.dir/build
make[1]: ingresso nella directory "/home/lcr/catkin_ws/build/CMakeFiles/CMakeTmp"
Building C object CMakeFiles/cmTC_fed6f.dir/CheckSymbolExists.c.o
/usr/bin/cc     -o CMakeFiles/cmTC_fed6f.dir/CheckSymbolExists.c.o   -c /home/lcr/catkin_ws/build/CMakeFiles/CMakeTmp/CheckSymbolExists.c
Linking C executable cmTC_fed6f
/usr/bin/cmake -E cmake_link_script CMakeFiles/cmTC_fed6f.dir/link.txt --verbose=1
/usr/bin/cc       CMakeFiles/cmTC_fed6f.dir/CheckSymbolExists.c.o  -o cmTC_fed6f -rdynamic 
CMakeFiles/cmTC_fed6f.dir/CheckSymbolExists.c.o: nella funzione "main":
CheckSymbolExists.c:(.text+0x16): riferimento non definito a "pthread_create"
collect2: error: ld returned 1 exit status
CMakeFiles/cmTC_fed6f.dir/build.make:97: set di istruzioni per l'obiettivo "cmTC_fed6f" non riuscito
make[1]: *** [cmTC_fed6f] Errore 1
make[1]: uscita dalla directory "/home/lcr/catkin_ws/build/CMakeFiles/CMakeTmp"
Makefile:126: set di istruzioni per l'obiettivo "cmTC_fed6f/fast" non riuscito
make: *** [cmTC_fed6f/fast] Errore 2

File /home/lcr/catkin_ws/build/CMakeFiles/CMakeTmp/CheckSymbolExists.c:
/* */
#include <pthread.h>

int main(int argc, char** argv)
{
  (void)argv;
#ifndef pthread_create
  return ((int*)(&pthread_create))[argc];
#else
  (void)argc;
  return 0;
#endif
}

Determining if the function pthread_create exists in the pthreads failed with the following output:
Change Dir: /home/lcr/catkin_ws/build/CMakeFiles/CMakeTmp

Run Build Command:"/usr/bin/make" "cmTC_6e881/fast"
/usr/bin/make -f CMakeFiles/cmTC_6e881.dir/build.make CMakeFiles/cmTC_6e881.dir/build
make[1]: ingresso nella directory "/home/lcr/catkin_ws/build/CMakeFiles/CMakeTmp"
Building C object CMakeFiles/cmTC_6e881.dir/CheckFunctionExists.c.o
/usr/bin/cc    -DCHECK_FUNCTION_EXISTS=pthread_create   -o CMakeFiles/cmTC_6e881.dir/CheckFunctionExists.c.o   -c /usr/share/cmake-3.5/Modules/CheckFunctionExists.c
Linking C executable cmTC_6e881
/usr/bin/cmake -E cmake_link_script CMakeFiles/cmTC_6e881.dir/link.txt --verbose=1
/usr/bin/cc   -DCHECK_FUNCTION_EXISTS=pthread_create    CMakeFiles/cmTC_6e881.dir/CheckFunctionExists.c.o  -o cmTC_6e881 -rdynamic -lpthreads 
/usr/bin/ld: impossibile trovare -lpthreads
collect2: error: ld returned 1 exit status
CMakeFiles/cmTC_6e881.dir/build.make:97: set di istruzioni per l'obiettivo "cmTC_6e881" non riuscito
make[1]: *** [cmTC_6e881] Errore 1
make[1]: uscita dalla directory "/home/lcr/catkin_ws/build/CMakeFiles/CMakeTmp"
Makefile:126: set di istruzioni per l'obiettivo "cmTC_6e881/fast" non riuscito
make: *** [cmTC_6e881/fast] Errore 2


